0 info it worked if it ends with ok
1 verbose cli [ '/Users/belinda/.node/bin/node',
1 verbose cli   '/Users/belinda/.node/bin/npm',
1 verbose cli   'start' ]
2 info using npm@3.10.8
3 info using node@v6.8.1
4 verbose run-script [ 'prestart', 'start', 'poststart' ]
5 info lifecycle bphil@1.0.0~prestart: bphil@1.0.0
6 silly lifecycle bphil@1.0.0~prestart: no script for prestart, continuing
7 info lifecycle bphil@1.0.0~start: bphil@1.0.0
8 verbose lifecycle bphil@1.0.0~start: unsafe-perm in lifecycle true
9 verbose lifecycle bphil@1.0.0~start: PATH: /Users/belinda/.node/lib/node_modules/npm/bin/node-gyp-bin:/Users/belinda/projects/react-projects/bphil/node_modules/.bin:/Users/belinda/.rbenv/shims:/Users/belinda/.rbenv/shims:/Users/belinda/.rbenv/shims:./node_modules/.bin:/Users/belinda/.node/bin:/Users/belinda/.npm-global/bin:/usr/local/bin:/usr/bin:/bin:/usr/sbin:/sbin
10 verbose lifecycle bphil@1.0.0~start: CWD: /Users/belinda/projects/react-projects/bphil
11 silly lifecycle bphil@1.0.0~start: Args: [ '-c', 'node server.js' ]
12 silly lifecycle bphil@1.0.0~start: Returned: code: 1  signal: null
13 info lifecycle bphil@1.0.0~start: Failed to exec start script
14 verbose stack Error: bphil@1.0.0 start: `node server.js`
14 verbose stack Exit status 1
14 verbose stack     at EventEmitter.<anonymous> (/Users/belinda/.node/lib/node_modules/npm/lib/utils/lifecycle.js:255:16)
14 verbose stack     at emitTwo (events.js:106:13)
14 verbose stack     at EventEmitter.emit (events.js:191:7)
14 verbose stack     at ChildProcess.<anonymous> (/Users/belinda/.node/lib/node_modules/npm/lib/utils/spawn.js:40:14)
14 verbose stack     at emitTwo (events.js:106:13)
14 verbose stack     at ChildProcess.emit (events.js:191:7)
14 verbose stack     at maybeClose (internal/child_process.js:877:16)
14 verbose stack     at Process.ChildProcess._handle.onexit (internal/child_process.js:226:5)
15 verbose pkgid bphil@1.0.0
16 verbose cwd /Users/belinda/projects/react-projects/bphil
17 error Darwin 14.5.0
18 error argv "/Users/belinda/.node/bin/node" "/Users/belinda/.node/bin/npm" "start"
19 error node v6.8.1
20 error npm  v3.10.8
21 error code ELIFECYCLE
22 error bphil@1.0.0 start: `node server.js`
22 error Exit status 1
23 error Failed at the bphil@1.0.0 start script 'node server.js'.
23 error Make sure you have the latest version of node.js and npm installed.
23 error If you do, this is most likely a problem with the bphil package,
23 error not with npm itself.
23 error Tell the author that this fails on your system:
23 error     node server.js
23 error You can get information on how to open an issue for this project with:
23 error     npm bugs bphil
23 error Or if that isn't available, you can get their info via:
23 error     npm owner ls bphil
23 error There is likely additional logging output above.
24 verbose exit [ 1, true ]
